2015/04/12 18:28:10 [error] [exception.CHttpException.404] exception 'CHttpException' with message 'The system is unable to find the requested action "index?r=gii".' in /var/www/yii/framework/web/CController.php:483
Stack trace:
#0 /var/www/yii/framework/web/CController.php(270): CController->missingAction('index?r=gii')
#1 /var/www/yii/framework/web/CWebApplication.php(282): CController->run('index?r=gii')
#2 /var/www/yii/framework/web/CWebApplication.php(141): CWebApplication->runController('site/index?r=gi...')
#3 /var/www/yii/framework/base/CApplication.php(180): CWebApplication->processRequest()
#4 /var/www/comercio/index.php(13): CApplication->run()
#5 {main}
REQUEST_URI=/comercio/index.php?r=site/index?r=gii
---
2015/04/12 18:56:07 [error] [exception.CHttpException.404] exception 'CHttpException' with message 'The system is unable to find the requested action "user".' in /var/www/yii/framework/web/CController.php:483
Stack trace:
#0 /var/www/yii/framework/web/CController.php(270): CController->missingAction('user')
#1 /var/www/yii/framework/web/CWebApplication.php(282): CController->run('user')
#2 /var/www/yii/framework/web/CWebApplication.php(141): CWebApplication->runController('site/user')
#3 /var/www/yii/framework/base/CApplication.php(180): CWebApplication->processRequest()
#4 /var/www/comercio/index.php(13): CApplication->run()
#5 {main}
REQUEST_URI=/comercio/index.php?r=site/user
---
2015/04/12 20:14:04 [error] [exception.CHttpException.404] exception 'CHttpException' with message 'Unable to find the code you requested.' in /var/www/yii/framework/gii/CCodeGenerator.php:90
Stack trace:
#0 /var/www/yii/framework/web/actions/CInlineAction.php(49): CCodeGenerator->actionCode()
#1 /var/www/yii/framework/web/CController.php(308): CInlineAction->runWithParams(Array)
#2 /var/www/yii/framework/web/CController.php(286): CController->runAction(Object(CInlineAction))
#3 /var/www/yii/framework/web/CController.php(265): CController->runActionWithFilters(Object(CInlineAction), Array)
#4 /var/www/yii/framework/web/CWebApplication.php(282): CController->run('code')
#5 /var/www/yii/framework/web/CWebApplication.php(141): CWebApplication->runController('gii/model/code')
#6 /var/www/yii/framework/base/CApplication.php(180): CWebApplication->processRequest()
#7 /var/www/comercio/index.php(13): CApplication->run()
#8 {main}
REQUEST_URI=/comercio/index.php?r=gii/model/code&id=0
HTTP_REFERER=http://localhost/comercio/index.php?r=gii/model/index
---
2015/04/12 20:14:47 [error] [exception.CHttpException.404] exception 'CHttpException' with message 'Unable to resolve the request "clientes".' in /var/www/yii/framework/web/CWebApplication.php:286
Stack trace:
#0 /var/www/yii/framework/web/CWebApplication.php(141): CWebApplication->runController('clientes')
#1 /var/www/yii/framework/base/CApplication.php(180): CWebApplication->processRequest()
#2 /var/www/comercio/index.php(13): CApplication->run()
#3 {main}
REQUEST_URI=/comercio/index.php?r=clientes
---
